# Log your daily status here

# Day1
I worked on NodeJS basics - http module, render text to api, start a server, basic calculator. You can find that here - https://github.com/eswari-mani-priya/nodejs_learning/blob/master/calculator.js, https://github.com/eswari-mani-priya/nodejs_learning/blob/master/server.js

# Day2
Today I learnt about creating custom modules, anonymous functions, rendering html and routing. You can find that here - 
https://github.com/eswari-mani-priya/nodejs_learning/blob/master/server.js
https://github.com/eswari-mani-priya/nodejs_learning/blob/master/routing_server.js

#Day3
I learnt how to send a form data through POST request. Also, started learning express JS framework and created basic express project structure using express-generator.
You can find my work here:
https://github.com/eswari-mani-priya/nodejs_learning/tree/master/simple-form
https://github.com/eswari-mani-priya/nodejs_learning/blob/master/form_app.js

#Day4
Learnt PugJS templating engine and also Handlebars templating engine in express js framework. 
https://github.com/eswari-mani-priya/nodejs_learning/tree/master/simple-form
https://github.com/eswari-mani-priya/nodejs_learning/tree/master/handlebars

#Day5
Learnt Validations and Sessions in Express JS framework. Added a simple login form using them.
https://github.com/eswari-mani-priya/nodejs_learning/tree/master/validations_sessions

#Day6
Learnt using Mongodb with express JS and implemented CRUD operations. You can find my work here
https://github.com/eswari-mani-priya/nodejs_learning/tree/master/mongo_db

#Day7
Learnt Monk to perform CRUD functions with MOngodb and NodeJS
https://github.com/eswari-mani-priya/nodejs_learning/tree/master/mongo_db_monk

#Day8
Learnt Mongoose to perform mongodb CRUD functions
https://github.com/eswari-mani-priya/nodejs_learning/tree/master/mongo_db_mongoose

#Day9
Learnt latest Ecma Script 6 syntax 
https://github.com/eswari-mani-priya/nodejs_learning/tree/master/ES6_learning

#Day10
Hoping to build a PRP(Programming Resources Platform) using Hapi JS. For that started basic APIs in Hapi JS
https://github.com/eswari-mani-priya/nodejs_learning/tree/master/prp_tool

#Day11
Learnt serving static, dynamic files using handlers and used GET and POSt methods. 
https://github.com/eswari-mani-priya/nodejs_learning/tree/master/prp_tool
